{"/Users/elenadyachkova/frontend-project-46/diff.js": {"path":"/Users/elenadyachkova/frontend-project-46/diff.js","statementMap":{"0":{"start":{"line":4,"column":16},"end":{"line":23,"column":1}},"1":{"start":{"line":5,"column":16},"end":{"line":5,"column":34}},"2":{"start":{"line":6,"column":16},"end":{"line":6,"column":34}},"3":{"start":{"line":7,"column":19},"end":{"line":7,"column":47}},"4":{"start":{"line":8,"column":17},"end":{"line":21,"column":4}},"5":{"start":{"line":9,"column":22},"end":{"line":9,"column":39}},"6":{"start":{"line":10,"column":23},"end":{"line":10,"column":40}},"7":{"start":{"line":11,"column":19},"end":{"line":11,"column":36}},"8":{"start":{"line":12,"column":19},"end":{"line":12,"column":36}},"9":{"start":{"line":13,"column":4},"end":{"line":13,"column":89}},"10":{"start":{"line":13,"column":34},"end":{"line":13,"column":89}},"11":{"start":{"line":14,"column":4},"end":{"line":14,"column":87}},"12":{"start":{"line":14,"column":34},"end":{"line":14,"column":87}},"13":{"start":{"line":15,"column":4},"end":{"line":15,"column":111}},"14":{"start":{"line":15,"column":54},"end":{"line":15,"column":111}},"15":{"start":{"line":16,"column":4},"end":{"line":20,"column":5}},"16":{"start":{"line":17,"column":6},"end":{"line":19,"column":8}},"17":{"start":{"line":22,"column":2},"end":{"line":22,"column":16}}},"fnMap":{"0":{"name":"(anonymous_0)","decl":{"start":{"line":4,"column":16},"end":{"line":4,"column":17}},"loc":{"start":{"line":4,"column":34},"end":{"line":23,"column":1}},"line":4},"1":{"name":"(anonymous_1)","decl":{"start":{"line":8,"column":30},"end":{"line":8,"column":31}},"loc":{"start":{"line":8,"column":39},"end":{"line":21,"column":3}},"line":8}},"branchMap":{"0":{"loc":{"start":{"line":13,"column":4},"end":{"line":13,"column":89}},"type":"if","locations":[{"start":{"line":13,"column":4},"end":{"line":13,"column":89}},{"start":{},"end":{}}],"line":13},"1":{"loc":{"start":{"line":13,"column":8},"end":{"line":13,"column":32}},"type":"binary-expr","locations":[{"start":{"line":13,"column":8},"end":{"line":13,"column":17}},{"start":{"line":13,"column":21},"end":{"line":13,"column":32}}],"line":13},"2":{"loc":{"start":{"line":14,"column":4},"end":{"line":14,"column":87}},"type":"if","locations":[{"start":{"line":14,"column":4},"end":{"line":14,"column":87}},{"start":{},"end":{}}],"line":14},"3":{"loc":{"start":{"line":14,"column":8},"end":{"line":14,"column":32}},"type":"binary-expr","locations":[{"start":{"line":14,"column":8},"end":{"line":14,"column":18}},{"start":{"line":14,"column":22},"end":{"line":14,"column":32}}],"line":14},"4":{"loc":{"start":{"line":15,"column":4},"end":{"line":15,"column":111}},"type":"if","locations":[{"start":{"line":15,"column":4},"end":{"line":15,"column":111}},{"start":{},"end":{}}],"line":15},"5":{"loc":{"start":{"line":15,"column":8},"end":{"line":15,"column":52}},"type":"binary-expr","locations":[{"start":{"line":15,"column":8},"end":{"line":15,"column":17}},{"start":{"line":15,"column":21},"end":{"line":15,"column":31}},{"start":{"line":15,"column":35},"end":{"line":15,"column":52}}],"line":15},"6":{"loc":{"start":{"line":16,"column":4},"end":{"line":20,"column":5}},"type":"if","locations":[{"start":{"line":16,"column":4},"end":{"line":20,"column":5}},{"start":{},"end":{}}],"line":16},"7":{"loc":{"start":{"line":16,"column":8},"end":{"line":16,"column":52}},"type":"binary-expr","locations":[{"start":{"line":16,"column":8},"end":{"line":16,"column":17}},{"start":{"line":16,"column":21},"end":{"line":16,"column":31}},{"start":{"line":16,"column":35},"end":{"line":16,"column":52}}],"line":16}},"s":{"0":1,"1":1,"2":1,"3":1,"4":1,"5":5,"6":5,"7":5,"8":5,"9":5,"10":2,"11":3,"12":1,"13":2,"14":1,"15":1,"16":1,"17":1},"f":{"0":1,"1":5},"b":{"0":[2,3],"1":[5,4],"2":[1,2],"3":[3,1],"4":[1,1],"5":[2,2,2],"6":[1,0],"7":[1,1,1]},"_coverageSchema":"1a1c01bbd47fc00a2c39e90264f33305004495a9","hash":"285f3813825f85cc1ad034f4aa691728d50e38bd"}
,"/Users/elenadyachkova/frontend-project-46/index.js": {"path":"/Users/elenadyachkova/frontend-project-46/index.js","statementMap":{"0":{"start":{"line":6,"column":17},"end":{"line":12,"column":1}},"1":{"start":{"line":7,"column":19},"end":{"line":7,"column":89}},"2":{"start":{"line":8,"column":14},"end":{"line":8,"column":36}},"3":{"start":{"line":9,"column":2},"end":{"line":11,"column":3}},"4":{"start":{"line":10,"column":4},"end":{"line":10,"column":32}},"5":{"start":{"line":14,"column":17},"end":{"line":33,"column":1}},"6":{"start":{"line":15,"column":15},"end":{"line":30,"column":4}},"7":{"start":{"line":18,"column":4},"end":{"line":20,"column":5}},"8":{"start":{"line":19,"column":6},"end":{"line":19,"column":36}},"9":{"start":{"line":21,"column":4},"end":{"line":23,"column":5}},"10":{"start":{"line":22,"column":6},"end":{"line":22,"column":64}},"11":{"start":{"line":24,"column":4},"end":{"line":26,"column":5}},"12":{"start":{"line":25,"column":6},"end":{"line":25,"column":36}},"13":{"start":{"line":27,"column":4},"end":{"line":29,"column":5}},"14":{"start":{"line":28,"column":6},"end":{"line":28,"column":36}},"15":{"start":{"line":31,"column":18},"end":{"line":31,"column":33}},"16":{"start":{"line":32,"column":2},"end":{"line":32,"column":28}},"17":{"start":{"line":34,"column":17},"end":{"line":39,"column":1}},"18":{"start":{"line":35,"column":15},"end":{"line":35,"column":30}},"19":{"start":{"line":36,"column":15},"end":{"line":36,"column":30}},"20":{"start":{"line":37,"column":17},"end":{"line":37,"column":36}},"21":{"start":{"line":38,"column":2},"end":{"line":38,"column":26}}},"fnMap":{"0":{"name":"(anonymous_0)","decl":{"start":{"line":6,"column":17},"end":{"line":6,"column":18}},"loc":{"start":{"line":6,"column":31},"end":{"line":12,"column":1}},"line":6},"1":{"name":"(anonymous_1)","decl":{"start":{"line":14,"column":17},"end":{"line":14,"column":18}},"loc":{"start":{"line":14,"column":26},"end":{"line":33,"column":1}},"line":14},"2":{"name":"(anonymous_2)","decl":{"start":{"line":15,"column":23},"end":{"line":15,"column":24}},"loc":{"start":{"line":17,"column":8},"end":{"line":30,"column":3}},"line":17},"3":{"name":"(anonymous_3)","decl":{"start":{"line":34,"column":17},"end":{"line":34,"column":18}},"loc":{"start":{"line":34,"column":35},"end":{"line":39,"column":1}},"line":34}},"branchMap":{"0":{"loc":{"start":{"line":9,"column":2},"end":{"line":11,"column":3}},"type":"if","locations":[{"start":{"line":9,"column":2},"end":{"line":11,"column":3}},{"start":{},"end":{}}],"line":9},"1":{"loc":{"start":{"line":18,"column":4},"end":{"line":20,"column":5}},"type":"if","locations":[{"start":{"line":18,"column":4},"end":{"line":20,"column":5}},{"start":{},"end":{}}],"line":18},"2":{"loc":{"start":{"line":21,"column":4},"end":{"line":23,"column":5}},"type":"if","locations":[{"start":{"line":21,"column":4},"end":{"line":23,"column":5}},{"start":{},"end":{}}],"line":21},"3":{"loc":{"start":{"line":24,"column":4},"end":{"line":26,"column":5}},"type":"if","locations":[{"start":{"line":24,"column":4},"end":{"line":26,"column":5}},{"start":{},"end":{}}],"line":24},"4":{"loc":{"start":{"line":27,"column":4},"end":{"line":29,"column":5}},"type":"if","locations":[{"start":{"line":27,"column":4},"end":{"line":29,"column":5}},{"start":{},"end":{}}],"line":27}},"s":{"0":1,"1":2,"2":2,"3":2,"4":2,"5":1,"6":1,"7":5,"8":1,"9":4,"10":1,"11":3,"12":2,"13":1,"14":1,"15":1,"16":1,"17":1,"18":1,"19":1,"20":1,"21":1},"f":{"0":2,"1":1,"2":5,"3":1},"b":{"0":[2,0],"1":[1,4],"2":[1,3],"3":[2,1],"4":[1,0]},"_coverageSchema":"1a1c01bbd47fc00a2c39e90264f33305004495a9","hash":"8d0f523712c2efff66445d42b89526258cd83d67"}
}
