TN:
SF:diff.js
FN:4,(anonymous_0)
FN:8,(anonymous_1)
FNF:2
FNH:2
FNDA:1,(anonymous_0)
FNDA:5,(anonymous_1)
DA:4,1
DA:5,1
DA:6,1
DA:7,1
DA:8,1
DA:9,5
DA:10,5
DA:11,5
DA:12,5
DA:13,5
DA:14,3
DA:15,2
DA:16,1
DA:17,1
DA:22,1
LF:15
LH:15
BRDA:13,0,0,2
BRDA:13,0,1,3
BRDA:13,1,0,5
BRDA:13,1,1,4
BRDA:14,2,0,1
BRDA:14,2,1,2
BRDA:14,3,0,3
BRDA:14,3,1,1
BRDA:15,4,0,1
BRDA:15,4,1,1
BRDA:15,5,0,2
BRDA:15,5,1,2
BRDA:15,5,2,2
BRDA:16,6,0,1
BRDA:16,6,1,0
BRDA:16,7,0,1
BRDA:16,7,1,1
BRDA:16,7,2,1
BRF:18
BRH:17
end_of_record
TN:
SF:index.js
FN:6,(anonymous_0)
FN:14,(anonymous_1)
FN:15,(anonymous_2)
FN:34,(anonymous_3)
FNF:4
FNH:4
FNDA:2,(anonymous_0)
FNDA:1,(anonymous_1)
FNDA:5,(anonymous_2)
FNDA:1,(anonymous_3)
DA:6,1
DA:7,2
DA:8,2
DA:9,2
DA:10,2
DA:14,1
DA:15,1
DA:18,5
DA:19,1
DA:21,4
DA:22,1
DA:24,3
DA:25,2
DA:27,1
DA:28,1
DA:31,1
DA:32,1
DA:34,1
DA:35,1
DA:36,1
DA:37,1
DA:38,1
LF:22
LH:22
BRDA:9,0,0,2
BRDA:9,0,1,0
BRDA:18,1,0,1
BRDA:18,1,1,4
BRDA:21,2,0,1
BRDA:21,2,1,3
BRDA:24,3,0,2
BRDA:24,3,1,1
BRDA:27,4,0,1
BRDA:27,4,1,0
BRF:10
BRH:8
end_of_record
